Start testing: May 08 11:36 CST
----------------------------------------------------------
1/3 Testing: test_yaml_loader
1/3 Test: test_yaml_loader
Command: "/home/creature/Desktop/DM-openarm/dm_openarm/build/test_yaml_loader"
Directory: /home/creature/Desktop/DM-openarm/dm_openarm/build
"test_yaml_loader" start time: May 08 11:36 CST
Output:
----------------------------------------------------------
<end of output>
Test time =   0.00 sec
----------------------------------------------------------
Test Passed.
"test_yaml_loader" end time: May 08 11:36 CST
"test_yaml_loader" time elapsed: 00:00:00
----------------------------------------------------------

2/3 Testing: test_mit_control_command
2/3 Test: test_mit_control_command
Command: "/home/creature/Desktop/DM-openarm/dm_openarm/build/test_mit_control_command"
Directory: /home/creature/Desktop/DM-openarm/dm_openarm/build
"test_mit_control_command" start time: May 08 11:36 CST
Output:
----------------------------------------------------------
<end of output>
Test time =   0.00 sec
----------------------------------------------------------
Test Passed.
"test_mit_control_command" end time: May 08 11:36 CST
"test_mit_control_command" time elapsed: 00:00:00
----------------------------------------------------------

3/3 Testing: test_mit_loop_controller
3/3 Test: test_mit_loop_controller
Command: "/home/creature/Desktop/DM-openarm/dm_openarm/build/test_mit_loop_controller"
Directory: /home/creature/Desktop/DM-openarm/dm_openarm/build
"test_mit_loop_controller" start time: May 08 11:36 CST
Output:
----------------------------------------------------------
<end of output>
Test time =   0.00 sec
----------------------------------------------------------
Test Passed.
"test_mit_loop_controller" end time: May 08 11:36 CST
"test_mit_loop_controller" time elapsed: 00:00:00
----------------------------------------------------------

End testing: May 08 11:36 CST
